Using pre-set license
Built from '2020.3/staging' branch; Version is '2020.3.30f1 (1fb1bf06830e) revision 2077119'; Using compiler version '192528614'; Build Type 'Release'
OS: 'Windows 10  (10.0.19044) 64bit Professional' Language: 'en' Physical Memory: 32690 MB
BatchMode: 1, IsHumanControllingUs: 0, StartBugReporterOnCrash: 0, Is64bit: 1, IsPro: 0

COMMAND LINE ARGUMENTS:
G:\Unity Installations\2020.3.30f1\Editor\Unity.exe
-adb2
-batchMode
-noUpm
-name
AssetImportWorker0
-projectPath
D:/GIT FOR SCHOOL/CS135FinalProject/CS-135-Virtual-Reality-Prototype
-logFile
Logs/AssetImportWorker0.log
-srvPort
50076
Successfully changed project path to: D:/GIT FOR SCHOOL/CS135FinalProject/CS-135-Virtual-Reality-Prototype
D:/GIT FOR SCHOOL/CS135FinalProject/CS-135-Virtual-Reality-Prototype
Using Asset Import Pipeline V2.
Refreshing native plugins compatible for Editor in 160.85 ms, found 18 plugins.
Preloading 1 native plugins for Editor in 2.02 ms.
Initialize engine version: 2020.3.30f1 (1fb1bf06830e)
[Subsystems] Discovering subsystems at path G:/Unity Installations/2020.3.30f1/Editor/Data/Resources/UnitySubsystems
[Subsystems] Discovering subsystems at path D:/GIT FOR SCHOOL/CS135FinalProject/CS-135-Virtual-Reality-Prototype/Assets
GfxDevice: creating device client; threaded=0
Direct3D:
    Version:  Direct3D 11.0 [level 11.1]
    Renderer: NVIDIA GeForce GTX 1080 Ti (ID=0x1b06)
    Vendor:   
    VRAM:     11127 MB
    Driver:   31.0.15.1694
Shader 'Custom/RainShader': fallback shader 'Particles/Alpha Blended' not found
Initialize mono
Mono path[0] = 'G:/Unity Installations/2020.3.30f1/Editor/Data/Managed'
Mono path[1] = 'G:/Unity Installations/2020.3.30f1/Editor/Data/MonoBleedingEdge/lib/mono/unityjit'
Mono config path = 'G:/Unity Installations/2020.3.30f1/Editor/Data/MonoBleedingEdge/etc'
Using monoOptions --debugger-agent=transport=dt_socket,embedding=1,server=y,suspend=n,address=127.0.0.1:56052
Begin MonoManager ReloadAssembly
Registering precompiled unity dll's ...
Register platform support module: G:/Unity Installations/2020.3.30f1/Editor/Data/PlaybackEngines/WebGLSupport/UnityEditor.WebGL.Extensions.dll
Register platform support module: G:/Unity Installations/2020.3.30f1/Editor/Data/PlaybackEngines/WindowsStandaloneSupport/UnityEditor.WindowsStandalone.Extensions.dll
Registered in 0.002702 seconds.
Native extension for WindowsStandalone target not found
Native extension for WebGL target not found
Refreshing native plugins compatible for Editor in 119.18 ms, found 18 plugins.
Preloading 1 native plugins for Editor in 0.10 ms.
Unable to find bridge dll in registry for Microsoft Visual Studio Tools for Unity for C:\Program Files (x86)\Microsoft Visual Studio\2019\Community\Common7\IDE\devenv.exe
Mono: successfully reloaded assembly
- Completed reload, in  0.790 seconds
Domain Reload Profiling:
	ReloadAssembly (790ms)
		BeginReloadAssembly (89ms)
			ExecutionOrderSort (0ms)
			DisableScriptedObjects (0ms)
			BackupInstance (0ms)
			ReleaseScriptingObjects (0ms)
			CreateAndSetChildDomain (1ms)
		EndReloadAssembly (613ms)
			LoadAssemblies (89ms)
			RebuildTransferFunctionScriptingTraits (0ms)
			SetupTypeCache (180ms)
			ReleaseScriptCaches (0ms)
			RebuildScriptCaches (36ms)
			SetupLoadedEditorAssemblies (275ms)
				LogAssemblyErrors (0ms)
				InitializePlatformSupportModulesInManaged (6ms)
				SetLoadedEditorAssemblies (0ms)
				RefreshPlugins (119ms)
				BeforeProcessingInitializeOnLoad (17ms)
				ProcessInitializeOnLoadAttributes (98ms)
				ProcessInitializeOnLoadMethodAttributes (35ms)
				AfterProcessingInitializeOnLoad (0ms)
				EditorAssembliesLoaded (0ms)
			ExecutionOrderSort2 (0ms)
			AwakeInstancesAfterBackupRestoration (0ms)
Platform modules already initialized, skipping
Registering precompiled user dll's ...
Registered in 0.029382 seconds.
Begin MonoManager ReloadAssembly
Native extension for WindowsStandalone target not found
Native extension for WebGL target not found
Refreshing native plugins compatible for Editor in 125.85 ms, found 18 plugins.
Preloading 1 native plugins for Editor in 0.08 ms.
Added DLL directory D:\GIT FOR SCHOOL\CS135FinalProject\CS-135-Virtual-Reality-Prototype\Library\PackageCache\com.microsoft.mixedreality.input@9f62bd12fec8-1666390387231\Plugins\Windows\x64 to the user search path.
UnityEngine.StackTraceUtility:ExtractStackTrace ()
UnityEngine.DebugLogHandler:LogFormat (UnityEngine.LogType,UnityEngine.Object,string,object[])
UnityEngine.Logger:Log (UnityEngine.LogType,object)
UnityEngine.Debug:Log (object)
Microsoft.MixedReality.Input.Init:.cctor () (at Library/PackageCache/com.microsoft.mixedreality.input@9f62bd12fec8-1666390387231/Editor/Microsoft.MixedReality.Input.Init.cs:88)
System.Runtime.CompilerServices.RuntimeHelpers:RunClassConstructor (System.RuntimeTypeHandle)
UnityEditor.EditorAssemblies:ProcessInitializeOnLoadAttributes (System.Type[])

(Filename: Library/PackageCache/com.microsoft.mixedreality.input@9f62bd12fec8-1666390387231/Editor/Microsoft.MixedReality.Input.Init.cs Line: 88)

[XR] [MROpenXR][Info   ][13:13:40.021469][tid:5ce4] MeshProvider_RegisterLifecycleProvider
[XR] [MROpenXR][Info   ][13:13:40.021601][tid:5ce4] InputProvider_RegisterLifecycleProvider
[XR] Error loading subsystem: Display (1) (header mismatch?)
[XR] [MROpenXR][Info   ][13:13:40.024186][tid:5ce4] OnPluginStarted UnityVersion=2020.3.30f1 OpenXRPluginVersion=1.5.3 MROpenXRPluginVersion=1.5.1.0 PartA_PrivTags=33554432
Mono: successfully reloaded assembly
- Completed reload, in  4.038 seconds
Domain Reload Profiling:
	ReloadAssembly (4040ms)
		BeginReloadAssembly (192ms)
			ExecutionOrderSort (0ms)
			DisableScriptedObjects (6ms)
			BackupInstance (0ms)
			ReleaseScriptingObjects (0ms)
			CreateAndSetChildDomain (24ms)
		EndReloadAssembly (3776ms)
			LoadAssemblies (184ms)
			RebuildTransferFunctionScriptingTraits (0ms)
			SetupTypeCache (425ms)
			ReleaseScriptCaches (1ms)
			RebuildScriptCaches (100ms)
			SetupLoadedEditorAssemblies (2918ms)
				LogAssemblyErrors (0ms)
				InitializePlatformSupportModulesInManaged (5ms)
				SetLoadedEditorAssemblies (0ms)
				RefreshPlugins (126ms)
				BeforeProcessingInitializeOnLoad (166ms)
				ProcessInitializeOnLoadAttributes (2568ms)
				ProcessInitializeOnLoadMethodAttributes (48ms)
				AfterProcessingInitializeOnLoad (4ms)
				EditorAssembliesLoaded (0ms)
			ExecutionOrderSort2 (0ms)
			AwakeInstancesAfterBackupRestoration (8ms)
Platform modules already initialized, skipping
========================================================================
Worker process is ready to serve import requests
Shader 'Custom/RainShader': fallback shader 'Particles/Alpha Blended' not found
Launched and connected shader compiler UnityShaderCompiler.exe after 0.05 seconds
Refreshing native plugins compatible for Editor in 1.83 ms, found 18 plugins.
Preloading 1 native plugins for Editor in 0.06 ms.
Unloading 4444 Unused Serialized files (Serialized files now loaded: 0)
System memory in use before: 200.2 MB.
System memory in use after: 200.1 MB.

Unloading 51 unused Assets to reduce memory usage. Loaded Objects now: 4902.
Total: 4.878400 ms (FindLiveObjects: 0.454500 ms CreateObjectMapping: 0.223500 ms MarkObjects: 3.884300 ms  DeleteObjects: 0.315100 ms)

AssetImportParameters requested are different than current active one (requested -> active):
  custom:framework-win-MediaFoundation: 216162199b28c13a410421893ffa2e32 -> 
  custom:video-decoder-ogg-theora: a1e56fd34408186e4bbccfd4996cb3dc -> 
  custom:container-muxer-webm: aa71ff27fc2769a1b78a27578f13a17b -> 
  custom:container-demuxer-webm: 4f35f7cbe854078d1ac9338744f61a02 -> 
  custom:container-demuxer-ogg: 62fdf1f143b41e24485cea50d1cbac27 -> 
  custom:video-encoder-webm-vp8: eb34c28f22e8b96e1ab97ce403110664 -> 
  custom:video-decoder-webm-vp8: 9c59270c3fd7afecdb556c50c9e8de78 -> 
  custom:audio-decoder-ogg-vorbis: bf7c407c2cedff20999df2af8eb42d56 -> 
  custom:audio-encoder-webm-vorbis: bf7c407c2cedff20999df2af8eb42d56 -> 
========================================================================
Received Import Request.
  path: Assets/Models/Titlt_000003.fbx
  artifactKey: Guid(9c1de470c3067714faa77fe180c389f2) Importer(815301076,1909f56bfc062723c751e8b465ee728b)
Start importing Assets/Models/Titlt_000003.fbx using Guid(9c1de470c3067714faa77fe180c389f2) Importer(815301076,1909f56bfc062723c751e8b465ee728b)  -> (artifact id: 'cde452db94643f1845f84c0a9f7964ad') in 0.196948 seconds 
========================================================================
Received Import Request.
  Time since last request: 120.951944 seconds.
  path: Assets/Prefabs/Titlt_000003 (3).prefab
  artifactKey: Guid(a40ce5128d89f014986463ba8489d406) Importer(815301076,1909f56bfc062723c751e8b465ee728b)
Start importing Assets/Prefabs/Titlt_000003 (3).prefab using Guid(a40ce5128d89f014986463ba8489d406) Importer(815301076,1909f56bfc062723c751e8b465ee728b)  -> (artifact id: '3028338a38c63fe5b53163d3b6c8d13e') in 0.041400 seconds 
========================================================================
Received Import Request.
  Time since last request: 0.000272 seconds.
  path: Assets/Prefabs/Titlt_000003.prefab
  artifactKey: Guid(429c12d429ab9654bbcaf71518cdcc5f) Importer(815301076,1909f56bfc062723c751e8b465ee728b)
Start importing Assets/Prefabs/Titlt_000003.prefab using Guid(429c12d429ab9654bbcaf71518cdcc5f) Importer(815301076,1909f56bfc062723c751e8b465ee728b)  -> (artifact id: 'fcd4e195a3f9dcd5143d5bcbdd576733') in 0.031191 seconds 
========================================================================
Received Import Request.
  Time since last request: 113.035752 seconds.
  path: Assets/Models/Titlt_000003.fbx
  artifactKey: Guid(9c1de470c3067714faa77fe180c389f2) Importer(815301076,1909f56bfc062723c751e8b465ee728b)
Start importing Assets/Models/Titlt_000003.fbx using Guid(9c1de470c3067714faa77fe180c389f2) Importer(815301076,1909f56bfc062723c751e8b465ee728b)  -> (artifact id: '86e7e5805b170394cf95c81e9a12778e') in 0.036338 seconds 
========================================================================
Received Import Request.
  Time since last request: 49.612969 seconds.
  path: Assets/Models/Titlt_000003.fbx
  artifactKey: Guid(9c1de470c3067714faa77fe180c389f2) Importer(815301076,1909f56bfc062723c751e8b465ee728b)
Start importing Assets/Models/Titlt_000003.fbx using Guid(9c1de470c3067714faa77fe180c389f2) Importer(815301076,1909f56bfc062723c751e8b465ee728b)  -> (artifact id: '1237068d523694cdd1cae7a07d444205') in 0.034903 seconds 
========================================================================
Received Import Request.
  Time since last request: 22.896796 seconds.
  path: Assets/Models/Titlt_000003.fbx
  artifactKey: Guid(9c1de470c3067714faa77fe180c389f2) Importer(815301076,1909f56bfc062723c751e8b465ee728b)
Start importing Assets/Models/Titlt_000003.fbx using Guid(9c1de470c3067714faa77fe180c389f2) Importer(815301076,1909f56bfc062723c751e8b465ee728b)  -> (artifact id: '28c1f1d7edd759b8b3d5396b1e409ce5') in 0.036586 seconds 
========================================================================
Received Import Request.
  Time since last request: 232.366823 seconds.
  path: Assets/Models/Titlt_000003.fbx
  artifactKey: Guid(9c1de470c3067714faa77fe180c389f2) Importer(815301076,1909f56bfc062723c751e8b465ee728b)
Start importing Assets/Models/Titlt_000003.fbx using Guid(9c1de470c3067714faa77fe180c389f2) Importer(815301076,1909f56bfc062723c751e8b465ee728b)  -> (artifact id: '2c576789426c259c04134f3bddb1046e') in 0.040001 seconds 
========================================================================
Received Import Request.
  Time since last request: 25.731311 seconds.
  path: Assets/Models/Titlt_000003.fbx
  artifactKey: Guid(9c1de470c3067714faa77fe180c389f2) Importer(815301076,1909f56bfc062723c751e8b465ee728b)
Start importing Assets/Models/Titlt_000003.fbx using Guid(9c1de470c3067714faa77fe180c389f2) Importer(815301076,1909f56bfc062723c751e8b465ee728b)  -> (artifact id: '7967e49ad885b2aba09b90938b92f30d') in 0.034535 seconds 
========================================================================
Received Import Request.
  Time since last request: 77.418660 seconds.
  path: Assets/Models/Titlt_000003.fbx
  artifactKey: Guid(9c1de470c3067714faa77fe180c389f2) Importer(815301076,1909f56bfc062723c751e8b465ee728b)
Start importing Assets/Models/Titlt_000003.fbx using Guid(9c1de470c3067714faa77fe180c389f2) Importer(815301076,1909f56bfc062723c751e8b465ee728b)  -> (artifact id: '420e05476e7c32dff110b67a09734711') in 0.034140 seconds 
========================================================================
Received Import Request.
  Time since last request: 101.852796 seconds.
  path: Assets/Models/Titlt_000003.fbx
  artifactKey: Guid(9c1de470c3067714faa77fe180c389f2) Importer(815301076,1909f56bfc062723c751e8b465ee728b)
Start importing Assets/Models/Titlt_000003.fbx using Guid(9c1de470c3067714faa77fe180c389f2) Importer(815301076,1909f56bfc062723c751e8b465ee728b)  -> (artifact id: '7b77bacc0aa33b1642b2e97e2c748b51') in 0.035815 seconds 
========================================================================
Received Import Request.
  Time since last request: 50.227868 seconds.
  path: Assets/Models/Titlt_000003.fbx
  artifactKey: Guid(9c1de470c3067714faa77fe180c389f2) Importer(815301076,1909f56bfc062723c751e8b465ee728b)
Start importing Assets/Models/Titlt_000003.fbx using Guid(9c1de470c3067714faa77fe180c389f2) Importer(815301076,1909f56bfc062723c751e8b465ee728b)  -> (artifact id: 'f3d54ea6f1a632fa145d8e42c5a32939') in 0.035296 seconds 
========================================================================
Received Import Request.
  Time since last request: 297.069376 seconds.
  path: Assets/Prefabs/Titlt_000003.prefab
  artifactKey: Guid(429c12d429ab9654bbcaf71518cdcc5f) Importer(815301076,1909f56bfc062723c751e8b465ee728b)
Start importing Assets/Prefabs/Titlt_000003.prefab using Guid(429c12d429ab9654bbcaf71518cdcc5f) Importer(815301076,1909f56bfc062723c751e8b465ee728b)  -> (artifact id: '7e5bbcd2c6bce52d75c49129fafb239a') in 0.032010 seconds 
========================================================================
Received Prepare
Registering precompiled user dll's ...
Registered in 0.042240 seconds.
Begin MonoManager ReloadAssembly
Native extension for WindowsStandalone target not found
Native extension for WebGL target not found
Refreshing native plugins compatible for Editor in 3.44 ms, found 18 plugins.
Preloading 1 native plugins for Editor in 0.09 ms.
Added DLL directory D:\GIT FOR SCHOOL\CS135FinalProject\CS-135-Virtual-Reality-Prototype\Library\PackageCache\com.microsoft.mixedreality.input@9f62bd12fec8-1666390387231\Plugins\Windows\x64 to the user search path.
UnityEngine.StackTraceUtility:ExtractStackTrace ()
UnityEngine.DebugLogHandler:LogFormat (UnityEngine.LogType,UnityEngine.Object,string,object[])
UnityEngine.Logger:Log (UnityEngine.LogType,object)
UnityEngine.Debug:Log (object)
Microsoft.MixedReality.Input.Init:.cctor () (at Library/PackageCache/com.microsoft.mixedreality.input@9f62bd12fec8-1666390387231/Editor/Microsoft.MixedReality.Input.Init.cs:88)
System.Runtime.CompilerServices.RuntimeHelpers:RunClassConstructor (System.RuntimeTypeHandle)
UnityEditor.EditorAssemblies:ProcessInitializeOnLoadAttributes (System.Type[])

(Filename: Library/PackageCache/com.microsoft.mixedreality.input@9f62bd12fec8-1666390387231/Editor/Microsoft.MixedReality.Input.Init.cs Line: 88)

Mono: successfully reloaded assembly
- Completed reload, in  4.086 seconds
Domain Reload Profiling:
	ReloadAssembly (4086ms)
		BeginReloadAssembly (194ms)
			ExecutionOrderSort (0ms)
			DisableScriptedObjects (9ms)
			BackupInstance (0ms)
			ReleaseScriptingObjects (0ms)
			CreateAndSetChildDomain (74ms)
		EndReloadAssembly (3820ms)
			LoadAssemblies (229ms)
			RebuildTransferFunctionScriptingTraits (0ms)
			SetupTypeCache (496ms)
			ReleaseScriptCaches (1ms)
			RebuildScriptCaches (69ms)
			SetupLoadedEditorAssemblies (2818ms)
				LogAssemblyErrors (0ms)
				InitializePlatformSupportModulesInManaged (7ms)
				SetLoadedEditorAssemblies (1ms)
				RefreshPlugins (4ms)
				BeforeProcessingInitializeOnLoad (151ms)
				ProcessInitializeOnLoadAttributes (2601ms)
				ProcessInitializeOnLoadMethodAttributes (44ms)
				AfterProcessingInitializeOnLoad (11ms)
				EditorAssembliesLoaded (1ms)
			ExecutionOrderSort2 (0ms)
			AwakeInstancesAfterBackupRestoration (22ms)
Platform modules already initialized, skipping
Shader 'Custom/RainShader': fallback shader 'Particles/Alpha Blended' not found
Refreshing native plugins compatible for Editor in 1.86 ms, found 18 plugins.
Preloading 1 native plugins for Editor in 0.07 ms.
Unloading 4311 Unused Serialized files (Serialized files now loaded: 0)
System memory in use before: 194.0 MB.
System memory in use after: 194.0 MB.

Unloading 45 unused Assets to reduce memory usage. Loaded Objects now: 4950.
Total: 4.705600 ms (FindLiveObjects: 0.387300 ms CreateObjectMapping: 0.222400 ms MarkObjects: 3.797200 ms  DeleteObjects: 0.297700 ms)

AssetImportParameters requested are different than current active one (requested -> active):
  custom:framework-win-MediaFoundation: 216162199b28c13a410421893ffa2e32 -> 
  custom:video-decoder-ogg-theora: a1e56fd34408186e4bbccfd4996cb3dc -> 
  custom:container-muxer-webm: aa71ff27fc2769a1b78a27578f13a17b -> 
  custom:container-demuxer-webm: 4f35f7cbe854078d1ac9338744f61a02 -> 
  custom:container-demuxer-ogg: 62fdf1f143b41e24485cea50d1cbac27 -> 
  custom:video-encoder-webm-vp8: eb34c28f22e8b96e1ab97ce403110664 -> 
  custom:video-decoder-webm-vp8: 9c59270c3fd7afecdb556c50c9e8de78 -> 
  custom:audio-decoder-ogg-vorbis: bf7c407c2cedff20999df2af8eb42d56 -> 
  custom:audio-encoder-webm-vorbis: bf7c407c2cedff20999df2af8eb42d56 -> 
AssetImportWorkerClient::OnTransportError - code=2 error=End of file
