Using pre-set license
Built from '2020.3/staging' branch; Version is '2020.3.30f1 (1fb1bf06830e) revision 2077119'; Using compiler version '192528614'; Build Type 'Release'
OS: 'Windows 10  (10.0.19044) 64bit Professional' Language: 'en' Physical Memory: 32690 MB
BatchMode: 1, IsHumanControllingUs: 0, StartBugReporterOnCrash: 0, Is64bit: 1, IsPro: 0

COMMAND LINE ARGUMENTS:
G:\Unity Installations\2020.3.30f1\Editor\Unity.exe
-adb2
-batchMode
-noUpm
-name
AssetImportWorker0
-projectPath
D:/GIT FOR SCHOOL/CS135FinalProject/CS-135-Virtual-Reality-Prototype
-logFile
Logs/AssetImportWorker0.log
-srvPort
52368
Successfully changed project path to: D:/GIT FOR SCHOOL/CS135FinalProject/CS-135-Virtual-Reality-Prototype
D:/GIT FOR SCHOOL/CS135FinalProject/CS-135-Virtual-Reality-Prototype
Using Asset Import Pipeline V2.
Refreshing native plugins compatible for Editor in 263.35 ms, found 18 plugins.
Preloading 1 native plugins for Editor in 1.51 ms.
Initialize engine version: 2020.3.30f1 (1fb1bf06830e)
[Subsystems] Discovering subsystems at path G:/Unity Installations/2020.3.30f1/Editor/Data/Resources/UnitySubsystems
[Subsystems] Discovering subsystems at path D:/GIT FOR SCHOOL/CS135FinalProject/CS-135-Virtual-Reality-Prototype/Assets
GfxDevice: creating device client; threaded=0
Direct3D:
    Version:  Direct3D 11.0 [level 11.1]
    Renderer: NVIDIA GeForce GTX 1080 Ti (ID=0x1b06)
    Vendor:   
    VRAM:     11127 MB
    Driver:   31.0.15.1694
Shader 'Custom/RainShader': fallback shader 'Particles/Alpha Blended' not found
Initialize mono
Mono path[0] = 'G:/Unity Installations/2020.3.30f1/Editor/Data/Managed'
Mono path[1] = 'G:/Unity Installations/2020.3.30f1/Editor/Data/MonoBleedingEdge/lib/mono/unityjit'
Mono config path = 'G:/Unity Installations/2020.3.30f1/Editor/Data/MonoBleedingEdge/etc'
Using monoOptions --debugger-agent=transport=dt_socket,embedding=1,server=y,suspend=n,address=127.0.0.1:56036
Begin MonoManager ReloadAssembly
Registering precompiled unity dll's ...
Register platform support module: G:/Unity Installations/2020.3.30f1/Editor/Data/PlaybackEngines/WebGLSupport/UnityEditor.WebGL.Extensions.dll
Register platform support module: G:/Unity Installations/2020.3.30f1/Editor/Data/PlaybackEngines/WindowsStandaloneSupport/UnityEditor.WindowsStandalone.Extensions.dll
Registered in 0.003163 seconds.
Native extension for WindowsStandalone target not found
Native extension for WebGL target not found
Refreshing native plugins compatible for Editor in 160.84 ms, found 18 plugins.
Preloading 1 native plugins for Editor in 0.11 ms.
Unable to find bridge dll in registry for Microsoft Visual Studio Tools for Unity for C:\Program Files (x86)\Microsoft Visual Studio\2019\Community\Common7\IDE\devenv.exe
Mono: successfully reloaded assembly
- Completed reload, in  1.176 seconds
Domain Reload Profiling:
	ReloadAssembly (1177ms)
		BeginReloadAssembly (108ms)
			ExecutionOrderSort (0ms)
			DisableScriptedObjects (0ms)
			BackupInstance (0ms)
			ReleaseScriptingObjects (0ms)
			CreateAndSetChildDomain (3ms)
		EndReloadAssembly (926ms)
			LoadAssemblies (106ms)
			RebuildTransferFunctionScriptingTraits (0ms)
			SetupTypeCache (312ms)
			ReleaseScriptCaches (0ms)
			RebuildScriptCaches (46ms)
			SetupLoadedEditorAssemblies (389ms)
				LogAssemblyErrors (0ms)
				InitializePlatformSupportModulesInManaged (8ms)
				SetLoadedEditorAssemblies (0ms)
				RefreshPlugins (161ms)
				BeforeProcessingInitializeOnLoad (23ms)
				ProcessInitializeOnLoadAttributes (146ms)
				ProcessInitializeOnLoadMethodAttributes (50ms)
				AfterProcessingInitializeOnLoad (0ms)
				EditorAssembliesLoaded (0ms)
			ExecutionOrderSort2 (0ms)
			AwakeInstancesAfterBackupRestoration (0ms)
Platform modules already initialized, skipping
Registering precompiled user dll's ...
Registered in 0.041367 seconds.
Begin MonoManager ReloadAssembly
Native extension for WindowsStandalone target not found
Native extension for WebGL target not found
Refreshing native plugins compatible for Editor in 200.99 ms, found 18 plugins.
Preloading 1 native plugins for Editor in 0.10 ms.
Added DLL directory D:\GIT FOR SCHOOL\CS135FinalProject\CS-135-Virtual-Reality-Prototype\Library\PackageCache\com.microsoft.mixedreality.input@9f62bd12fec8-1666390387231\Plugins\Windows\x64 to the user search path.
UnityEngine.StackTraceUtility:ExtractStackTrace ()
UnityEngine.DebugLogHandler:LogFormat (UnityEngine.LogType,UnityEngine.Object,string,object[])
UnityEngine.Logger:Log (UnityEngine.LogType,object)
UnityEngine.Debug:Log (object)
Microsoft.MixedReality.Input.Init:.cctor () (at Library/PackageCache/com.microsoft.mixedreality.input@9f62bd12fec8-1666390387231/Editor/Microsoft.MixedReality.Input.Init.cs:88)
System.Runtime.CompilerServices.RuntimeHelpers:RunClassConstructor (System.RuntimeTypeHandle)
UnityEditor.EditorAssemblies:ProcessInitializeOnLoadAttributes (System.Type[])

(Filename: Library/PackageCache/com.microsoft.mixedreality.input@9f62bd12fec8-1666390387231/Editor/Microsoft.MixedReality.Input.Init.cs Line: 88)

[XR] [MROpenXR][Info   ][12:44:53.350158][tid:57b8] MeshProvider_RegisterLifecycleProvider
[XR] [MROpenXR][Info   ][12:44:53.350457][tid:57b8] InputProvider_RegisterLifecycleProvider
[XR] Error loading subsystem: Display (1) (header mismatch?)
[XR] [MROpenXR][Info   ][12:44:53.354754][tid:57b8] OnPluginStarted UnityVersion=2020.3.30f1 OpenXRPluginVersion=1.5.3 MROpenXRPluginVersion=1.5.1.0 PartA_PrivTags=33554432
Mono: successfully reloaded assembly
- Completed reload, in  5.584 seconds
Domain Reload Profiling:
	ReloadAssembly (5586ms)
		BeginReloadAssembly (258ms)
			ExecutionOrderSort (0ms)
			DisableScriptedObjects (13ms)
			BackupInstance (0ms)
			ReleaseScriptingObjects (0ms)
			CreateAndSetChildDomain (29ms)
		EndReloadAssembly (5238ms)
			LoadAssemblies (232ms)
			RebuildTransferFunctionScriptingTraits (0ms)
			SetupTypeCache (575ms)
			ReleaseScriptCaches (1ms)
			RebuildScriptCaches (132ms)
			SetupLoadedEditorAssemblies (4110ms)
				LogAssemblyErrors (0ms)
				InitializePlatformSupportModulesInManaged (6ms)
				SetLoadedEditorAssemblies (0ms)
				RefreshPlugins (201ms)
				BeforeProcessingInitializeOnLoad (226ms)
				ProcessInitializeOnLoadAttributes (3599ms)
				ProcessInitializeOnLoadMethodAttributes (69ms)
				AfterProcessingInitializeOnLoad (8ms)
				EditorAssembliesLoaded (1ms)
			ExecutionOrderSort2 (0ms)
			AwakeInstancesAfterBackupRestoration (20ms)
Platform modules already initialized, skipping
========================================================================
Worker process is ready to serve import requests
Shader 'Custom/RainShader': fallback shader 'Particles/Alpha Blended' not found
Launched and connected shader compiler UnityShaderCompiler.exe after 0.10 seconds
Refreshing native plugins compatible for Editor in 2.60 ms, found 18 plugins.
Preloading 1 native plugins for Editor in 0.11 ms.
Unloading 4444 Unused Serialized files (Serialized files now loaded: 0)
System memory in use before: 200.3 MB.
System memory in use after: 200.2 MB.

Unloading 51 unused Assets to reduce memory usage. Loaded Objects now: 4902.
Total: 13.128700 ms (FindLiveObjects: 1.126800 ms CreateObjectMapping: 0.334400 ms MarkObjects: 11.170100 ms  DeleteObjects: 0.495800 ms)

AssetImportParameters requested are different than current active one (requested -> active):
  custom:framework-win-MediaFoundation: 216162199b28c13a410421893ffa2e32 -> 
  custom:video-decoder-ogg-theora: a1e56fd34408186e4bbccfd4996cb3dc -> 
  custom:container-muxer-webm: aa71ff27fc2769a1b78a27578f13a17b -> 
  custom:container-demuxer-webm: 4f35f7cbe854078d1ac9338744f61a02 -> 
  custom:container-demuxer-ogg: 62fdf1f143b41e24485cea50d1cbac27 -> 
  custom:video-encoder-webm-vp8: eb34c28f22e8b96e1ab97ce403110664 -> 
  custom:video-decoder-webm-vp8: 9c59270c3fd7afecdb556c50c9e8de78 -> 
  custom:audio-decoder-ogg-vorbis: bf7c407c2cedff20999df2af8eb42d56 -> 
  custom:audio-encoder-webm-vorbis: bf7c407c2cedff20999df2af8eb42d56 -> 
========================================================================
Received Import Request.
  path: Assets/Models/knight_anim.blend
  artifactKey: Guid(e87e15ed37104b0478d4ad3dcdb847c0) Importer(815301076,1909f56bfc062723c751e8b465ee728b)
Start importing Assets/Models/knight_anim.blend using Guid(e87e15ed37104b0478d4ad3dcdb847c0) Importer(815301076,1909f56bfc062723c751e8b465ee728b)  -> (artifact id: 'e21e2297d4fb6f1dda7f0ffc6c117fa6') in 0.476804 seconds 
========================================================================
Received Import Request.
  Time since last request: 0.000379 seconds.
  path: Assets/Models/Object001_2016-06-18_11-11-00_complete.rpf_converted.jpg
  artifactKey: Guid(f6a064af04a22c243968d1d69b704422) Importer(815301076,1909f56bfc062723c751e8b465ee728b)
Start importing Assets/Models/Object001_2016-06-18_11-11-00_complete.rpf_converted.jpg using Guid(f6a064af04a22c243968d1d69b704422) Importer(815301076,1909f56bfc062723c751e8b465ee728b)  -> (artifact id: '92816c26d9d99c5b3f4a1174b00c67cd') in 0.113305 seconds 
========================================================================
Received Import Request.
  Time since last request: 0.000264 seconds.
  path: Assets/Models/Cube.prefab
  artifactKey: Guid(0be919817ba3a13479cff88abb5e3bca) Importer(815301076,1909f56bfc062723c751e8b465ee728b)
Start importing Assets/Models/Cube.prefab using Guid(0be919817ba3a13479cff88abb5e3bca) Importer(815301076,1909f56bfc062723c751e8b465ee728b)  -> (artifact id: '2e0b1c48cd64adc9b5b31776b18f680a') in 0.030522 seconds 
========================================================================
Received Import Request.
  Time since last request: 0.000356 seconds.
  path: Assets/Models/modular_assets_dungeon unity single brick.blend
  artifactKey: Guid(c18813efa51950045a529aa4c9684fa7) Importer(815301076,1909f56bfc062723c751e8b465ee728b)
Start importing Assets/Models/modular_assets_dungeon unity single brick.blend using Guid(c18813efa51950045a529aa4c9684fa7) Importer(815301076,1909f56bfc062723c751e8b465ee728b)  -> (artifact id: 'f6c3e1a6fafed07b1247a606a852f70d') in 0.093453 seconds 
========================================================================
Received Import Request.
  Time since last request: 0.000311 seconds.
  path: Assets/Models/upperDoorParent.prefab
  artifactKey: Guid(8d7dc6d4128192e4f87bb8cb95157abd) Importer(815301076,1909f56bfc062723c751e8b465ee728b)
Start importing Assets/Models/upperDoorParent.prefab using Guid(8d7dc6d4128192e4f87bb8cb95157abd) Importer(815301076,1909f56bfc062723c751e8b465ee728b)  -> (artifact id: 'd9ebcd1e996029978169c1cdf1bf1104') in 0.027731 seconds 
========================================================================
Received Import Request.
  Time since last request: 0.000293 seconds.
  path: Assets/Models/modular_assets_dungeon unity.blend
  artifactKey: Guid(27464601ee5e24c48a94e22c61fad5d5) Importer(815301076,1909f56bfc062723c751e8b465ee728b)
Start importing Assets/Models/modular_assets_dungeon unity.blend using Guid(27464601ee5e24c48a94e22c61fad5d5) Importer(815301076,1909f56bfc062723c751e8b465ee728b)  -> (artifact id: '898e49193e93dad15aa3350bb678e316') in 0.047164 seconds 
========================================================================
Received Import Request.
  Time since last request: 0.000339 seconds.
  path: Assets/Models/hut_floor.001.prefab
  artifactKey: Guid(6a93983782b6f3a489e17b5b165dfbd6) Importer(815301076,1909f56bfc062723c751e8b465ee728b)
Start importing Assets/Models/hut_floor.001.prefab using Guid(6a93983782b6f3a489e17b5b165dfbd6) Importer(815301076,1909f56bfc062723c751e8b465ee728b)  -> (artifact id: '1cd1e381ae67f562550334caa5a96bcc') in 0.024847 seconds 
========================================================================
Received Import Request.
  Time since last request: 35.827022 seconds.
  path: Assets/Scripts/knightMovement.cs
  artifactKey: Guid(fad6ce0003a75e34e9b32f5b12238c93) Importer(815301076,1909f56bfc062723c751e8b465ee728b)
Start importing Assets/Scripts/knightMovement.cs using Guid(fad6ce0003a75e34e9b32f5b12238c93) Importer(815301076,1909f56bfc062723c751e8b465ee728b)  -> (artifact id: '8d171c744f77e632a134b63e6cc36fb6') in 0.041372 seconds 
========================================================================
Received Import Request.
  Time since last request: 265.715704 seconds.
  path: Assets/Samples/XR Interaction Toolkit/2.2.0/XR Device Simulator
  artifactKey: Guid(5565c42e1955bd34280ae4bfdb1e04c5) Importer(815301076,1909f56bfc062723c751e8b465ee728b)
Start importing Assets/Samples/XR Interaction Toolkit/2.2.0/XR Device Simulator using Guid(5565c42e1955bd34280ae4bfdb1e04c5) Importer(815301076,1909f56bfc062723c751e8b465ee728b)  -> (artifact id: '77a3e30c66b5281ad1e11f498bb0bcd3') in 0.019346 seconds 
========================================================================
Received Import Request.
  Time since last request: 1.146776 seconds.
  path: Assets/Samples/XR Interaction Toolkit/2.2.0/XR Device Simulator/XR Device Simulator.prefab
  artifactKey: Guid(9f5a24a380916d14db9775daab4fe333) Importer(815301076,1909f56bfc062723c751e8b465ee728b)
Start importing Assets/Samples/XR Interaction Toolkit/2.2.0/XR Device Simulator/XR Device Simulator.prefab using Guid(9f5a24a380916d14db9775daab4fe333) Importer(815301076,1909f56bfc062723c751e8b465ee728b)  -> (artifact id: '1012e1fd5ca5cc008fe3c4744690783c') in 0.329031 seconds 
========================================================================
Received Import Request.
  Time since last request: 18.582133 seconds.
  path: Assets/Samples/XR Interaction Toolkit/2.2.0/Starter Assets/Prefabs
  artifactKey: Guid(d93dd55b5e3f13549ab7e819935c2b3f) Importer(815301076,1909f56bfc062723c751e8b465ee728b)
Start importing Assets/Samples/XR Interaction Toolkit/2.2.0/Starter Assets/Prefabs using Guid(d93dd55b5e3f13549ab7e819935c2b3f) Importer(815301076,1909f56bfc062723c751e8b465ee728b)  -> (artifact id: '90403158b03c6a232524f42089a56082') in 0.013045 seconds 
========================================================================
Received Import Request.
  Time since last request: 0.023793 seconds.
  path: Assets/Samples/XR Interaction Toolkit/2.2.0/Starter Assets/Prefabs/Complete Teleport Area Set Up.prefab
  artifactKey: Guid(3e07eccb5e6f459d886de95044adb1d9) Importer(815301076,1909f56bfc062723c751e8b465ee728b)
Start importing Assets/Samples/XR Interaction Toolkit/2.2.0/Starter Assets/Prefabs/Complete Teleport Area Set Up.prefab using Guid(3e07eccb5e6f459d886de95044adb1d9) Importer(815301076,1909f56bfc062723c751e8b465ee728b)  -> (artifact id: '218b5560fdbce3f2944b2b7ed48c18e0') in 0.490923 seconds 
========================================================================
Received Import Request.
  Time since last request: 0.000289 seconds.
  path: Assets/Samples/XR Interaction Toolkit/2.2.0/Starter Assets/Prefabs/Interactables Sample.prefab
  artifactKey: Guid(6821e1b7f44d8c44b8a2ba02f37309d5) Importer(815301076,1909f56bfc062723c751e8b465ee728b)
Start importing Assets/Samples/XR Interaction Toolkit/2.2.0/Starter Assets/Prefabs/Interactables Sample.prefab using Guid(6821e1b7f44d8c44b8a2ba02f37309d5) Importer(815301076,1909f56bfc062723c751e8b465ee728b)  -> (artifact id: 'f0cff81978fb2d4fbae49edd4a8222b4') in 0.206677 seconds 
========================================================================
Received Import Request.
  Time since last request: 0.000281 seconds.
  path: Assets/Samples/XR Interaction Toolkit/2.2.0/Starter Assets/Prefabs/UI Sample.prefab
  artifactKey: Guid(fd28f23af44f73f4a95e33435872ad15) Importer(815301076,1909f56bfc062723c751e8b465ee728b)
Start importing Assets/Samples/XR Interaction Toolkit/2.2.0/Starter Assets/Prefabs/UI Sample.prefab using Guid(fd28f23af44f73f4a95e33435872ad15) Importer(815301076,1909f56bfc062723c751e8b465ee728b)  -> (artifact id: 'c6eed68a5dcaf0e8decb6bd03a0c97e6') in 0.068589 seconds 
========================================================================
Received Import Request.
  Time since last request: 0.000298 seconds.
  path: Assets/Samples/XR Interaction Toolkit/2.2.0/Starter Assets/Prefabs/Complete XR Origin Set Up.prefab
  artifactKey: Guid(895f6f3c2d334633b5800312285058d2) Importer(815301076,1909f56bfc062723c751e8b465ee728b)
Start importing Assets/Samples/XR Interaction Toolkit/2.2.0/Starter Assets/Prefabs/Complete XR Origin Set Up.prefab using Guid(895f6f3c2d334633b5800312285058d2) Importer(815301076,1909f56bfc062723c751e8b465ee728b)  -> (artifact id: '243beb4c743b2155e48fb4b7b87d6c88') in 0.191865 seconds 
========================================================================
Received Import Request.
  Time since last request: 39.631146 seconds.
  path: Assets/Samples/XR Interaction Toolkit/2.2.0/Starter Assets/Prefabs/Interactables
  artifactKey: Guid(6ac303adce39adb499d7f5c90a77c1c1) Importer(815301076,1909f56bfc062723c751e8b465ee728b)
Start importing Assets/Samples/XR Interaction Toolkit/2.2.0/Starter Assets/Prefabs/Interactables using Guid(6ac303adce39adb499d7f5c90a77c1c1) Importer(815301076,1909f56bfc062723c751e8b465ee728b)  -> (artifact id: 'c6aeab799326ccdbe857968274081ff8') in 0.018863 seconds 
========================================================================
Received Import Request.
  Time since last request: 0.057486 seconds.
  path: Assets/Samples/XR Interaction Toolkit/2.2.0/Starter Assets/Prefabs/Interactables/Interactable Instant Pyramid.prefab
  artifactKey: Guid(2ed984a58a974166bf92c82a74380454) Importer(815301076,1909f56bfc062723c751e8b465ee728b)
Start importing Assets/Samples/XR Interaction Toolkit/2.2.0/Starter Assets/Prefabs/Interactables/Interactable Instant Pyramid.prefab using Guid(2ed984a58a974166bf92c82a74380454) Importer(815301076,1909f56bfc062723c751e8b465ee728b)  -> (artifact id: '3076135cdd2be7540acb52d3211c909c') in 0.185675 seconds 
========================================================================
Received Import Request.
  Time since last request: 0.000379 seconds.
  path: Assets/Samples/XR Interaction Toolkit/2.2.0/Starter Assets/Prefabs/Interactables/Interactable Velocity Tracked Wedge.prefab
  artifactKey: Guid(d5615d616019430d9c2e8727e71c97fb) Importer(815301076,1909f56bfc062723c751e8b465ee728b)
Start importing Assets/Samples/XR Interaction Toolkit/2.2.0/Starter Assets/Prefabs/Interactables/Interactable Velocity Tracked Wedge.prefab using Guid(d5615d616019430d9c2e8727e71c97fb) Importer(815301076,1909f56bfc062723c751e8b465ee728b)  -> (artifact id: '2a07aa7292c1928f6ec72882ed2a90d6') in 0.188481 seconds 
========================================================================
Received Import Request.
  Time since last request: 0.000349 seconds.
  path: Assets/Samples/XR Interaction Toolkit/2.2.0/Starter Assets/Prefabs/Interactables/Interactable Kinematic Torus.prefab
  artifactKey: Guid(521327bdbcb341f782d36f02cab76cb0) Importer(815301076,1909f56bfc062723c751e8b465ee728b)
Start importing Assets/Samples/XR Interaction Toolkit/2.2.0/Starter Assets/Prefabs/Interactables/Interactable Kinematic Torus.prefab using Guid(521327bdbcb341f782d36f02cab76cb0) Importer(815301076,1909f56bfc062723c751e8b465ee728b)  -> (artifact id: '2607eeade9bf0afab0a007ca4512efc9') in 0.023049 seconds 
========================================================================
Received Prepare
Registering precompiled user dll's ...
Registered in 0.035919 seconds.
Begin MonoManager ReloadAssembly
Native extension for WindowsStandalone target not found
Native extension for WebGL target not found
Refreshing native plugins compatible for Editor in 1.91 ms, found 18 plugins.
Preloading 1 native plugins for Editor in 0.09 ms.
Added DLL directory D:\GIT FOR SCHOOL\CS135FinalProject\CS-135-Virtual-Reality-Prototype\Library\PackageCache\com.microsoft.mixedreality.input@9f62bd12fec8-1666390387231\Plugins\Windows\x64 to the user search path.
UnityEngine.StackTraceUtility:ExtractStackTrace ()
UnityEngine.DebugLogHandler:LogFormat (UnityEngine.LogType,UnityEngine.Object,string,object[])
UnityEngine.Logger:Log (UnityEngine.LogType,object)
UnityEngine.Debug:Log (object)
Microsoft.MixedReality.Input.Init:.cctor () (at Library/PackageCache/com.microsoft.mixedreality.input@9f62bd12fec8-1666390387231/Editor/Microsoft.MixedReality.Input.Init.cs:88)
System.Runtime.CompilerServices.RuntimeHelpers:RunClassConstructor (System.RuntimeTypeHandle)
UnityEditor.EditorAssemblies:ProcessInitializeOnLoadAttributes (System.Type[])

(Filename: Library/PackageCache/com.microsoft.mixedreality.input@9f62bd12fec8-1666390387231/Editor/Microsoft.MixedReality.Input.Init.cs Line: 88)

Mono: successfully reloaded assembly
- Completed reload, in  3.541 seconds
Domain Reload Profiling:
	ReloadAssembly (3542ms)
		BeginReloadAssembly (202ms)
			ExecutionOrderSort (0ms)
			DisableScriptedObjects (7ms)
			BackupInstance (0ms)
			ReleaseScriptingObjects (0ms)
			CreateAndSetChildDomain (61ms)
		EndReloadAssembly (3204ms)
			LoadAssemblies (234ms)
			RebuildTransferFunctionScriptingTraits (0ms)
			SetupTypeCache (487ms)
			ReleaseScriptCaches (1ms)
			RebuildScriptCaches (62ms)
			SetupLoadedEditorAssemblies (2261ms)
				LogAssemblyErrors (0ms)
				InitializePlatformSupportModulesInManaged (7ms)
				SetLoadedEditorAssemblies (1ms)
				RefreshPlugins (2ms)
				BeforeProcessingInitializeOnLoad (157ms)
				ProcessInitializeOnLoadAttributes (2064ms)
				ProcessInitializeOnLoadMethodAttributes (25ms)
				AfterProcessingInitializeOnLoad (5ms)
				EditorAssembliesLoaded (0ms)
			ExecutionOrderSort2 (0ms)
			AwakeInstancesAfterBackupRestoration (13ms)
Platform modules already initialized, skipping
Shader 'Custom/RainShader': fallback shader 'Particles/Alpha Blended' not found
Refreshing native plugins compatible for Editor in 2.48 ms, found 18 plugins.
Preloading 1 native plugins for Editor in 0.10 ms.
Unloading 4311 Unused Serialized files (Serialized files now loaded: 0)
System memory in use before: 207.8 MB.
System memory in use after: 207.8 MB.

Unloading 49 unused Assets to reduce memory usage. Loaded Objects now: 4953.
Total: 4.781700 ms (FindLiveObjects: 0.561400 ms CreateObjectMapping: 0.287000 ms MarkObjects: 3.648300 ms  DeleteObjects: 0.283900 ms)

AssetImportParameters requested are different than current active one (requested -> active):
  custom:framework-win-MediaFoundation: 216162199b28c13a410421893ffa2e32 -> 
  custom:video-decoder-ogg-theora: a1e56fd34408186e4bbccfd4996cb3dc -> 
  custom:container-muxer-webm: aa71ff27fc2769a1b78a27578f13a17b -> 
  custom:container-demuxer-webm: 4f35f7cbe854078d1ac9338744f61a02 -> 
  custom:container-demuxer-ogg: 62fdf1f143b41e24485cea50d1cbac27 -> 
  custom:video-encoder-webm-vp8: eb34c28f22e8b96e1ab97ce403110664 -> 
  custom:video-decoder-webm-vp8: 9c59270c3fd7afecdb556c50c9e8de78 -> 
  custom:audio-decoder-ogg-vorbis: bf7c407c2cedff20999df2af8eb42d56 -> 
  custom:audio-encoder-webm-vorbis: bf7c407c2cedff20999df2af8eb42d56 -> 
========================================================================
Received Import Request.
  Time since last request: 118.080581 seconds.
  path: Assets/Scenes/Main.unity
  artifactKey: Guid(54272f5208564b7449c0b6672214d783) Importer(815301076,1909f56bfc062723c751e8b465ee728b)
Start importing Assets/Scenes/Main.unity using Guid(54272f5208564b7449c0b6672214d783) Importer(815301076,1909f56bfc062723c751e8b465ee728b)  -> (artifact id: '6845004e13f4deb175abaa1bc9b8b8e5') in 0.049545 seconds 
========================================================================
Received Prepare
Registering precompiled user dll's ...
Registered in 0.030459 seconds.
Begin MonoManager ReloadAssembly
Native extension for WindowsStandalone target not found
Native extension for WebGL target not found
Refreshing native plugins compatible for Editor in 3.90 ms, found 18 plugins.
Preloading 1 native plugins for Editor in 0.12 ms.
Added DLL directory D:\GIT FOR SCHOOL\CS135FinalProject\CS-135-Virtual-Reality-Prototype\Library\PackageCache\com.microsoft.mixedreality.input@9f62bd12fec8-1666390387231\Plugins\Windows\x64 to the user search path.
UnityEngine.StackTraceUtility:ExtractStackTrace ()
UnityEngine.DebugLogHandler:LogFormat (UnityEngine.LogType,UnityEngine.Object,string,object[])
UnityEngine.Logger:Log (UnityEngine.LogType,object)
UnityEngine.Debug:Log (object)
Microsoft.MixedReality.Input.Init:.cctor () (at Library/PackageCache/com.microsoft.mixedreality.input@9f62bd12fec8-1666390387231/Editor/Microsoft.MixedReality.Input.Init.cs:88)
System.Runtime.CompilerServices.RuntimeHelpers:RunClassConstructor (System.RuntimeTypeHandle)
UnityEditor.EditorAssemblies:ProcessInitializeOnLoadAttributes (System.Type[])

(Filename: Library/PackageCache/com.microsoft.mixedreality.input@9f62bd12fec8-1666390387231/Editor/Microsoft.MixedReality.Input.Init.cs Line: 88)

Mono: successfully reloaded assembly
- Completed reload, in  4.067 seconds
Domain Reload Profiling:
	ReloadAssembly (4068ms)
		BeginReloadAssembly (191ms)
			ExecutionOrderSort (0ms)
			DisableScriptedObjects (6ms)
			BackupInstance (0ms)
			ReleaseScriptingObjects (0ms)
			CreateAndSetChildDomain (69ms)
		EndReloadAssembly (3782ms)
			LoadAssemblies (228ms)
			RebuildTransferFunctionScriptingTraits (0ms)
			SetupTypeCache (682ms)
			ReleaseScriptCaches (3ms)
			RebuildScriptCaches (71ms)
			SetupLoadedEditorAssemblies (2586ms)
				LogAssemblyErrors (0ms)
				InitializePlatformSupportModulesInManaged (6ms)
				SetLoadedEditorAssemblies (1ms)
				RefreshPlugins (4ms)
				BeforeProcessingInitializeOnLoad (172ms)
				ProcessInitializeOnLoadAttributes (2373ms)
				ProcessInitializeOnLoadMethodAttributes (25ms)
				AfterProcessingInitializeOnLoad (4ms)
				EditorAssembliesLoaded (0ms)
			ExecutionOrderSort2 (0ms)
			AwakeInstancesAfterBackupRestoration (15ms)
Platform modules already initialized, skipping
Shader 'Custom/RainShader': fallback shader 'Particles/Alpha Blended' not found
Refreshing native plugins compatible for Editor in 2.27 ms, found 18 plugins.
Preloading 1 native plugins for Editor in 0.10 ms.
Unloading 4311 Unused Serialized files (Serialized files now loaded: 0)
System memory in use before: 207.9 MB.
System memory in use after: 207.9 MB.

Unloading 44 unused Assets to reduce memory usage. Loaded Objects now: 4956.
Total: 6.108500 ms (FindLiveObjects: 0.377400 ms CreateObjectMapping: 0.229600 ms MarkObjects: 4.936200 ms  DeleteObjects: 0.563900 ms)

AssetImportParameters requested are different than current active one (requested -> active):
  custom:framework-win-MediaFoundation: 216162199b28c13a410421893ffa2e32 -> 
  custom:video-decoder-ogg-theora: a1e56fd34408186e4bbccfd4996cb3dc -> 
  custom:container-muxer-webm: aa71ff27fc2769a1b78a27578f13a17b -> 
  custom:container-demuxer-webm: 4f35f7cbe854078d1ac9338744f61a02 -> 
  custom:container-demuxer-ogg: 62fdf1f143b41e24485cea50d1cbac27 -> 
  custom:video-encoder-webm-vp8: eb34c28f22e8b96e1ab97ce403110664 -> 
  custom:video-decoder-webm-vp8: 9c59270c3fd7afecdb556c50c9e8de78 -> 
  custom:audio-decoder-ogg-vorbis: bf7c407c2cedff20999df2af8eb42d56 -> 
  custom:audio-encoder-webm-vorbis: bf7c407c2cedff20999df2af8eb42d56 -> 
========================================================================
Received Import Request.
  Time since last request: 1029.841624 seconds.
  path: Assets/Models/Titlt_000003.fbx
  artifactKey: Guid(9c1de470c3067714faa77fe180c389f2) Importer(815301076,1909f56bfc062723c751e8b465ee728b)
Start importing Assets/Models/Titlt_000003.fbx using Guid(9c1de470c3067714faa77fe180c389f2) Importer(815301076,1909f56bfc062723c751e8b465ee728b)  -> (artifact id: '077477dc9bf215a9b9ceb57c10b79a00') in 0.180144 seconds 
========================================================================
Received Import Request.
  Time since last request: 50.199847 seconds.
  path: Assets/Models/Titlt_000003.fbx
  artifactKey: Guid(9c1de470c3067714faa77fe180c389f2) Importer(815301076,1909f56bfc062723c751e8b465ee728b)
Start importing Assets/Models/Titlt_000003.fbx using Guid(9c1de470c3067714faa77fe180c389f2) Importer(815301076,1909f56bfc062723c751e8b465ee728b)  -> (artifact id: 'c3a2e24c4d9eb43dd758286e1ad6f759') in 0.046877 seconds 
AssetImportWorkerClient::OnTransportError - code=2 error=End of file
